<?xml version="1.0" encoding="UTF-8"?>
<testng-results ignored="0" total="1" passed="1" failed="0" skipped="0">
  <reporter-output>
  </reporter-output>
  <suite started-at="2024-08-05T17:09:09 IST" name="Surefire suite" finished-at="2024-08-05T17:09:29 IST" duration-ms="20464">
    <groups>
      <group name="cucumber">
        <method signature="AbstractTestNGCucumberTests.runScenario(io.cucumber.testng.PickleWrapper,io.cucumber.testng.FeatureWrapper)[pri:0, instance:com.automation.runner.TestRunner@69b2283a]" name="runScenario" class="io.cucumber.testng.AbstractTestNGCucumberTests"/>
      </group> <!-- cucumber -->
    </groups>
    <test started-at="2024-08-05T17:09:09 IST" name="Surefire test" finished-at="2024-08-05T17:09:29 IST" duration-ms="20464">
      <class name="com.automation.runner.TestRunner">
        <test-method is-config="true" signature="setUpClass(org.testng.ITestContext)[pri:0, instance:com.automation.runner.TestRunner@69b2283a]" started-at="2024-08-05T17:09:09 IST" name="setUpClass" finished-at="2024-08-05T17:09:09 IST" duration-ms="165" status="PASS">
          <params>
            <param index="0">
              <value>
                <![CDATA[org.testng.TestRunner@3f4b840d]]>
              </value>
            </param>
          </params>
          <reporter-output>
          </reporter-output>
        </test-method> <!-- setUpClass -->
        <test-method signature="runScenario(io.cucumber.testng.PickleWrapper,io.cucumber.testng.FeatureWrapper)[pri:0, instance:com.automation.runner.TestRunner@69b2283a]" started-at="2024-08-05T17:09:09 IST" name="runScenario" description="Runs Cucumber Scenarios" data-provider="scenarios" finished-at="2024-08-05T17:09:29 IST" duration-ms="19991" status="PASS">
          <params>
            <param index="0">
              <value>
                <![CDATA["Verify the same item is added to cart And remove the item"]]>
              </value>
            </param>
            <param index="1">
              <value>
                <![CDATA["Same item is added to cart validation"]]>
              </value>
            </param>
          </params>
          <reporter-output>
          </reporter-output>
        </test-method> <!-- runScenario -->
        <test-method is-config="true" signature="tearDownClass()[pri:0, instance:com.automation.runner.TestRunner@69b2283a]" started-at="2024-08-05T17:09:29 IST" name="tearDownClass" finished-at="2024-08-05T17:09:29 IST" duration-ms="277" status="PASS">
          <reporter-output>
          </reporter-output>
        </test-method> <!-- tearDownClass -->
      </class> <!-- com.automation.runner.TestRunner -->
    </test> <!-- Surefire test -->
  </suite> <!-- Surefire suite -->
</testng-results>
